{
  "object": "list",
  "data": [
    {
      "id": "ch_1G45FY2eZvKYlo2CJF0Ft8oR",
      "object": "charge",
      "amount": 800,
      "amount_refunded": 0,
      "application": null,
      "application_fee": null,
      "application_fee_amount": null,
      "balance_transaction": "txn_1G45FZ2eZvKYlo2CnG50Cmji",
      "billing_details": {
        "address": {
          "city": null,
          "country": null,
          "line1": null,
          "line2": null,
          "postal_code": null,
          "state": null
        },
        "email": null,
        "name": null,
        "phone": null
      },
      "captured": true,
      "created": 1579784252,
      "currency": "usd",
      "customer": null,
      "description": "66cc2f0588ffaf62c368e5186d0432-receipt.png",
      "destination": null,
      "dispute": null,
      "disputed": false,
      "failure_code": null,
      "failure_message": null,
      "fraud_details": {
      },
      "invoice": null,
      "livemode": false,
      "metadata": {
      },
      "on_behalf_of": null,
      "order": null,
      "outcome": {
        "network_status": "approved_by_network",
        "reason": null,
        "risk_level": "normal",
        "risk_score": 26,
        "seller_message": "Payment complete.",
        "type": "authorized"
      },
      "paid": true,
      "payment_intent": null,
      "payment_method": "card_1G45FY2eZvKYlo2CXcPxK5zt",
      "payment_method_details": {
        "card": {
          "brand": "visa",
          "checks": {
            "address_line1_check": null,
            "address_postal_code_check": null,
            "cvc_check": null
          },
          "country": "US",
          "exp_month": 1,
          "exp_year": 2021,
          "fingerprint": "Xt5EWLLDS7FJjR1c",
          "funding": "credit",
          "installments": null,
          "last4": "4242",
          "network": "visa",
          "three_d_secure": null,
          "wallet": null
        },
        "type": "card"
      },
      "receipt_email": null,
      "receipt_number": null,
      "receipt_url": "https://pay.stripe.com/receipts/acct_1032D82eZvKYlo2C/ch_1G45FY2eZvKYlo2CJF0Ft8oR/rcpt_GbHp8vExl355jMus2hCGGAqFKfc5qfy",
      "refunded": false,
      "refunds": {
        "object": "list",
        "data": [

        ],
        "has_more": false,
        "total_count": 0,
        "url": "/v1/charges/ch_1G45FY2eZvKYlo2CJF0Ft8oR/refunds"
      },
      "review": null,
      "shipping": null,
      "source": {
        "id": "card_1G45FY2eZvKYlo2CXcPxK5zt",
        "object": "card",
        "address_city": null,
        "address_country": null,
        "address_line1": null,
        "address_line1_check": null,
        "address_line2": null,
        "address_state": null,
        "address_zip": null,
        "address_zip_check": null,
        "brand": "Visa",
        "country": "US",
        "customer": null,
        "cvc_check": null,
        "dynamic_last4": null,
        "exp_month": 1,
        "exp_year": 2021,
        "fingerprint": "Xt5EWLLDS7FJjR1c",
        "funding": "credit",
        "last4": "4242",
        "metadata": {
        },
        "name": null,
        "tokenization_method": null
      },
      "source_transfer": null,
      "statement_descriptor": null,
      "statement_descriptor_suffix": null,
      "status": "succeeded",
      "transfer_data": null,
      "transfer_group": null
    },
    {
      "id": "ch_1G45FY2eZvKYlo2CYld5Y074",
      "object": "charge",
      "amount": 976,
      "amount_refunded": 0,
      "application": null,
      "application_fee": null,
      "application_fee_amount": null,
      "balance_transaction": "txn_1G45FY2eZvKYlo2CbSAF1Ogz",
      "billing_details": {
        "address": {
          "city": null,
          "country": null,
          "line1": null,
          "line2": null,
          "postal_code": null,
          "state": null
        },
        "email": null,
        "name": null,
        "phone": null
      },
      "captured": true,
      "created": 1579784252,
      "currency": "usd",
      "customer": null,
      "description": "27ef5d30552379979515c7713e1f20-receipt.png",
      "destination": null,
      "dispute": null,
      "disputed": false,
      "failure_code": null,
      "failure_message": null,
      "fraud_details": {
      },
      "invoice": null,
      "livemode": false,
      "metadata": {
      },
      "on_behalf_of": null,
      "order": null,
      "outcome": {
        "network_status": "approved_by_network",
        "reason": null,
        "risk_level": "normal",
        "risk_score": 6,
        "seller_message": "Payment complete.",
        "type": "authorized"
      },
      "paid": true,
      "payment_intent": null,
      "payment_method": "card_1G45FY2eZvKYlo2C0D0D2fvh",
      "payment_method_details": {
        "card": {
          "brand": "visa",
          "checks": {
            "address_line1_check": null,
            "address_postal_code_check": null,
            "cvc_check": null
          },
          "country": "US",
          "exp_month": 1,
          "exp_year": 2021,
          "fingerprint": "Xt5EWLLDS7FJjR1c",
          "funding": "credit",
          "installments": null,
          "last4": "4242",
          "network": "visa",
          "three_d_secure": null,
          "wallet": null
        },
        "type": "card"
      },
      "receipt_email": null,
      "receipt_number": null,
      "receipt_url": "https://pay.stripe.com/receipts/acct_1032D82eZvKYlo2C/ch_1G45FY2eZvKYlo2CYld5Y074/rcpt_GbHp9AACChab9qTuJdxep8T0TQ6iOYc",
      "refunded": false,
      "refunds": {
        "object": "list",
        "data": [

        ],
        "has_more": false,
        "total_count": 0,
        "url": "/v1/charges/ch_1G45FY2eZvKYlo2CYld5Y074/refunds"
      },
      "review": null,
      "shipping": null,
      "source": {
        "id": "card_1G45FY2eZvKYlo2C0D0D2fvh",
        "object": "card",
        "address_city": null,
        "address_country": null,
        "address_line1": null,
        "address_line1_check": null,
        "address_line2": null,
        "address_state": null,
        "address_zip": null,
        "address_zip_check": null,
        "brand": "Visa",
        "country": "US",
        "customer": null,
        "cvc_check": null,
        "dynamic_last4": null,
        "exp_month": 1,
        "exp_year": 2021,
        "fingerprint": "Xt5EWLLDS7FJjR1c",
        "funding": "credit",
        "last4": "4242",
        "metadata": {
        },
        "name": null,
        "tokenization_method": null
      },
      "source_transfer": null,
      "statement_descriptor": null,
      "statement_descriptor_suffix": null,
      "status": "succeeded",
      "transfer_data": null,
      "transfer_group": null
    },
    {
      "id": "ch_1G45FY2eZvKYlo2CGVJwEbHx",
      "object": "charge",
      "amount": 632,
      "amount_refunded": 0,
      "application": null,
      "application_fee": null,
      "application_fee_amount": null,
      "balance_transaction": "txn_1G45FZ2eZvKYlo2C5fuWGXtH",
      "billing_details": {
        "address": {
          "city": null,
          "country": null,
          "line1": null,
          "line2": null,
          "postal_code": null,
          "state": null
        },
        "email": null,
        "name": null,
        "phone": null
      },
      "captured": true,
      "created": 1579784252,
      "currency": "usd",
      "customer": null,
      "description": "6d4de9e05900ce14da7ffaac749e5c-receipt.png",
      "destination": null,
      "dispute": null,
      "disputed": false,
      "failure_code": null,
      "failure_message": null,
      "fraud_details": {
      },
      "invoice": null,
      "livemode": false,
      "metadata": {
      },
      "on_behalf_of": null,
      "order": null,
      "outcome": {
        "network_status": "approved_by_network",
        "reason": null,
        "risk_level": "normal",
        "risk_score": 41,
        "seller_message": "Payment complete.",
        "type": "authorized"
      },
      "paid": true,
      "payment_intent": null,
      "payment_method": "card_1G45FY2eZvKYlo2CIRfEzPuO",
      "payment_method_details": {
        "card": {
          "brand": "visa",
          "checks": {
            "address_line1_check": null,
            "address_postal_code_check": null,
            "cvc_check": null
          },
          "country": "US",
          "exp_month": 1,
          "exp_year": 2021,
          "fingerprint": "Xt5EWLLDS7FJjR1c",
          "funding": "credit",
          "installments": null,
          "last4": "4242",
          "network": "visa",
          "three_d_secure": null,
          "wallet": null
        },
        "type": "card"
      },
      "receipt_email": null,
      "receipt_number": null,
      "receipt_url": "https://pay.stripe.com/receipts/acct_1032D82eZvKYlo2C/ch_1G45FY2eZvKYlo2CGVJwEbHx/rcpt_GbHpNZrBPTY0Lsyu58xYm4QTMIltL6G",
      "refunded": false,
      "refunds": {
        "object": "list",
        "data": [

        ],
        "has_more": false,
        "total_count": 0,
        "url": "/v1/charges/ch_1G45FY2eZvKYlo2CGVJwEbHx/refunds"
      },
      "review": null,
      "shipping": null,
      "source": {
        "id": "card_1G45FY2eZvKYlo2CIRfEzPuO",
        "object": "card",
        "address_city": null,
        "address_country": null,
        "address_line1": null,
        "address_line1_check": null,
        "address_line2": null,
        "address_state": null,
        "address_zip": null,
        "address_zip_check": null,
        "brand": "Visa",
        "country": "US",
        "customer": null,
        "cvc_check": null,
        "dynamic_last4": null,
        "exp_month": 1,
        "exp_year": 2021,
        "fingerprint": "Xt5EWLLDS7FJjR1c",
        "funding": "credit",
        "last4": "4242",
        "metadata": {
        },
        "name": null,
        "tokenization_method": null
      },
      "source_transfer": null,
      "statement_descriptor": null,
      "statement_descriptor_suffix": null,
      "status": "succeeded",
      "transfer_data": null,
      "transfer_group": null
    },
    {
      "id": "ch_1G45FY2eZvKYlo2CGpddY1B1",
      "object": "charge",
      "amount": 992,
      "amount_refunded": 0,
      "application": null,
      "application_fee": null,
      "application_fee_amount": null,
      "balance_transaction": "txn_1G45FY2eZvKYlo2CaIAKXf0s",
      "billing_details": {
        "address": {
          "city": null,
          "country": null,
          "line1": null,
          "line2": null,
          "postal_code": null,
          "state": null
        },
        "email": null,
        "name": null,
        "phone": null
      },
      "captured": true,
      "created": 1579784252,
      "currency": "usd",
      "customer": null,
      "description": "be33acbf219d2f506c74a526a653df-receipt.png",
      "destination": null,
      "dispute": null,
      "disputed": false,
      "failure_code": null,
      "failure_message": null,
      "fraud_details": {
      },
      "invoice": null,
      "livemode": false,
      "metadata": {
      },
      "on_behalf_of": null,
      "order": null,
      "outcome": {
        "network_status": "approved_by_network",
        "reason": null,
        "risk_level": "normal",
        "risk_score": 6,
        "seller_message": "Payment complete.",
        "type": "authorized"
      },
      "paid": true,
      "payment_intent": null,
      "payment_method": "card_1G45FY2eZvKYlo2CFgg0Y3U4",
      "payment_method_details": {
        "card": {
          "brand": "visa",
          "checks": {
            "address_line1_check": null,
            "address_postal_code_check": null,
            "cvc_check": null
          },
          "country": "US",
          "exp_month": 1,
          "exp_year": 2021,
          "fingerprint": "Xt5EWLLDS7FJjR1c",
          "funding": "credit",
          "installments": null,
          "last4": "4242",
          "network": "visa",
          "three_d_secure": null,
          "wallet": null
        },
        "type": "card"
      },
      "receipt_email": null,
      "receipt_number": null,
      "receipt_url": "https://pay.stripe.com/receipts/acct_1032D82eZvKYlo2C/ch_1G45FY2eZvKYlo2CGpddY1B1/rcpt_GbHpTMtB6d9Ffqrazi30nbbtvBG0rp2",
      "refunded": false,
      "refunds": {
        "object": "list",
        "data": [

        ],
        "has_more": false,
        "total_count": 0,
        "url": "/v1/charges/ch_1G45FY2eZvKYlo2CGpddY1B1/refunds"
      },
      "review": null,
      "shipping": null,
      "source": {
        "id": "card_1G45FY2eZvKYlo2CFgg0Y3U4",
        "object": "card",
        "address_city": null,
        "address_country": null,
        "address_line1": null,
        "address_line1_check": null,
        "address_line2": null,
        "address_state": null,
        "address_zip": null,
        "address_zip_check": null,
        "brand": "Visa",
        "country": "US",
        "customer": null,
        "cvc_check": null,
        "dynamic_last4": null,
        "exp_month": 1,
        "exp_year": 2021,
        "fingerprint": "Xt5EWLLDS7FJjR1c",
        "funding": "credit",
        "last4": "4242",
        "metadata": {
        },
        "name": null,
        "tokenization_method": null
      },
      "source_transfer": null,
      "statement_descriptor": null,
      "statement_descriptor_suffix": null,
      "status": "succeeded",
      "transfer_data": null,
      "transfer_group": null
    },
    {
      "id": "ch_1G45FY2eZvKYlo2C6hBEwTU2",
      "object": "charge",
      "amount": 790,
      "amount_refunded": 0,
      "application": null,
      "application_fee": null,
      "application_fee_amount": null,
      "balance_transaction": "txn_1G45FY2eZvKYlo2CyyQINftW",
      "billing_details": {
        "address": {
          "city": null,
          "country": null,
          "line1": null,
          "line2": null,
          "postal_code": null,
          "state": null
        },
        "email": null,
        "name": null,
        "phone": null
      },
      "captured": true,
      "created": 1579784252,
      "currency": "usd",
      "customer": null,
      "description": "fd25d326d6ce490edcca3620d7205e-receipt.png",
      "destination": null,
      "dispute": null,
      "disputed": false,
      "failure_code": null,
      "failure_message": null,
      "fraud_details": {
      },
      "invoice": null,
      "livemode": false,
      "metadata": {
      },
      "on_behalf_of": null,
      "order": null,
      "outcome": {
        "network_status": "approved_by_network",
        "reason": null,
        "risk_level": "normal",
        "risk_score": 34,
        "seller_message": "Payment complete.",
        "type": "authorized"
      },
      "paid": true,
      "payment_intent": null,
      "payment_method": "card_1G45FY2eZvKYlo2CCDMXqSk1",
      "payment_method_details": {
        "card": {
          "brand": "visa",
          "checks": {
            "address_line1_check": null,
            "address_postal_code_check": null,
            "cvc_check": null
          },
          "country": "US",
          "exp_month": 1,
          "exp_year": 2021,
          "fingerprint": "Xt5EWLLDS7FJjR1c",
          "funding": "credit",
          "installments": null,
          "last4": "4242",
          "network": "visa",
          "three_d_secure": null,
          "wallet": null
        },
        "type": "card"
      },
      "receipt_email": null,
      "receipt_number": null,
      "receipt_url": "https://pay.stripe.com/receipts/acct_1032D82eZvKYlo2C/ch_1G45FY2eZvKYlo2C6hBEwTU2/rcpt_GbHpxtzHTmOpodSct4CGZKVsSTsLDfZ",
      "refunded": false,
      "refunds": {
        "object": "list",
        "data": [

        ],
        "has_more": false,
        "total_count": 0,
        "url": "/v1/charges/ch_1G45FY2eZvKYlo2C6hBEwTU2/refunds"
      },
      "review": null,
      "shipping": null,
      "source": {
        "id": "card_1G45FY2eZvKYlo2CCDMXqSk1",
        "object": "card",
        "address_city": null,
        "address_country": null,
        "address_line1": null,
        "address_line1_check": null,
        "address_line2": null,
        "address_state": null,
        "address_zip": null,
        "address_zip_check": null,
        "brand": "Visa",
        "country": "US",
        "customer": null,
        "cvc_check": null,
        "dynamic_last4": null,
        "exp_month": 1,
        "exp_year": 2021,
        "fingerprint": "Xt5EWLLDS7FJjR1c",
        "funding": "credit",
        "last4": "4242",
        "metadata": {
        },
        "name": null,
        "tokenization_method": null
      },
      "source_transfer": null,
      "statement_descriptor": null,
      "statement_descriptor_suffix": null,
      "status": "succeeded",
      "transfer_data": null,
      "transfer_group": null
    },
    {
      "id": "ch_1G45FY2eZvKYlo2CExYGLLEx",
      "object": "charge",
      "amount": 837,
      "amount_refunded": 0,
      "application": null,
      "application_fee": null,
      "application_fee_amount": null,
      "balance_transaction": "txn_1G45FY2eZvKYlo2CiWWpqBIr",
      "billing_details": {
        "address": {
          "city": null,
          "country": null,
          "line1": null,
          "line2": null,
          "postal_code": null,
          "state": null
        },
        "email": null,
        "name": null,
        "phone": null
      },
      "captured": true,
      "created": 1579784252,
      "currency": "usd",
      "customer": null,
      "description": "31bcd7f51477cce2ea54238aa1923b-receipt.png",
      "destination": null,
      "dispute": null,
      "disputed": false,
      "failure_code": null,
      "failure_message": null,
      "fraud_details": {
      },
      "invoice": null,
      "livemode": false,
      "metadata": {
      },
      "on_behalf_of": null,
      "order": null,
      "outcome": {
        "network_status": "approved_by_network",
        "reason": null,
        "risk_level": "normal",
        "risk_score": 30,
        "seller_message": "Payment complete.",
        "type": "authorized"
      },
      "paid": true,
      "payment_intent": null,
      "payment_method": "card_1G45FY2eZvKYlo2Cvr6nDJuA",
      "payment_method_details": {
        "card": {
          "brand": "visa",
          "checks": {
            "address_line1_check": null,
            "address_postal_code_check": null,
            "cvc_check": null
          },
          "country": "US",
          "exp_month": 1,
          "exp_year": 2021,
          "fingerprint": "Xt5EWLLDS7FJjR1c",
          "funding": "credit",
          "installments": null,
          "last4": "4242",
          "network": "visa",
          "three_d_secure": null,
          "wallet": null
        },
        "type": "card"
      },
      "receipt_email": null,
      "receipt_number": null,
      "receipt_url": "https://pay.stripe.com/receipts/acct_1032D82eZvKYlo2C/ch_1G45FY2eZvKYlo2CExYGLLEx/rcpt_GbHpyUtxqaOXhPXRwS817KwPks4GUt9",
      "refunded": false,
      "refunds": {
        "object": "list",
        "data": [

        ],
        "has_more": false,
        "total_count": 0,
        "url": "/v1/charges/ch_1G45FY2eZvKYlo2CExYGLLEx/refunds"
      },
      "review": null,
      "shipping": null,
      "source": {
        "id": "card_1G45FY2eZvKYlo2Cvr6nDJuA",
        "object": "card",
        "address_city": null,
        "address_country": null,
        "address_line1": null,
        "address_line1_check": null,
        "address_line2": null,
        "address_state": null,
        "address_zip": null,
        "address_zip_check": null,
        "brand": "Visa",
        "country": "US",
        "customer": null,
        "cvc_check": null,
        "dynamic_last4": null,
        "exp_month": 1,
        "exp_year": 2021,
        "fingerprint": "Xt5EWLLDS7FJjR1c",
        "funding": "credit",
        "last4": "4242",
        "metadata": {
        },
        "name": null,
        "tokenization_method": null
      },
      "source_transfer": null,
      "statement_descriptor": null,
      "statement_descriptor_suffix": null,
      "status": "succeeded",
      "transfer_data": null,
      "transfer_group": null
    },
    {
      "id": "ch_1G45FX2eZvKYlo2CMoOODIYq",
      "object": "charge",
      "amount": 786,
      "amount_refunded": 0,
      "application": null,
      "application_fee": null,
      "application_fee_amount": null,
      "balance_transaction": "txn_1G45FY2eZvKYlo2CsLlLr1Du",
      "billing_details": {
        "address": {
          "city": null,
          "country": null,
          "line1": null,
          "line2": null,
          "postal_code": null,
          "state": null
        },
        "email": null,
        "name": null,
        "phone": null
      },
      "captured": true,
      "created": 1579784251,
      "currency": "usd",
      "customer": null,
      "description": "2b823891c345db3c34d64abd0643a1-receipt.png",
      "destination": null,
      "dispute": null,
      "disputed": false,
      "failure_code": null,
      "failure_message": null,
      "fraud_details": {
      },
      "invoice": null,
      "livemode": false,
      "metadata": {
      },
      "on_behalf_of": null,
      "order": null,
      "outcome": {
        "network_status": "approved_by_network",
        "reason": null,
        "risk_level": "normal",
        "risk_score": 36,
        "seller_message": "Payment complete.",
        "type": "authorized"
      },
      "paid": true,
      "payment_intent": null,
      "payment_method": "card_1G45FX2eZvKYlo2CIFdZncK6",
      "payment_method_details": {
        "card": {
          "brand": "visa",
          "checks": {
            "address_line1_check": null,
            "address_postal_code_check": null,
            "cvc_check": null
          },
          "country": "US",
          "exp_month": 1,
          "exp_year": 2021,
          "fingerprint": "Xt5EWLLDS7FJjR1c",
          "funding": "credit",
          "installments": null,
          "last4": "4242",
          "network": "visa",
          "three_d_secure": null,
          "wallet": null
        },
        "type": "card"
      },
      "receipt_email": null,
      "receipt_number": null,
      "receipt_url": "https://pay.stripe.com/receipts/acct_1032D82eZvKYlo2C/ch_1G45FX2eZvKYlo2CMoOODIYq/rcpt_GbHp8tOAVWqwM9JInZ6UPuEtj71nez3",
      "refunded": false,
      "refunds": {
        "object": "list",
        "data": [

        ],
        "has_more": false,
        "total_count": 0,
        "url": "/v1/charges/ch_1G45FX2eZvKYlo2CMoOODIYq/refunds"
      },
      "review": null,
      "shipping": null,
      "source": {
        "id": "card_1G45FX2eZvKYlo2CIFdZncK6",
        "object": "card",
        "address_city": null,
        "address_country": null,
        "address_line1": null,
        "address_line1_check": null,
        "address_line2": null,
        "address_state": null,
        "address_zip": null,
        "address_zip_check": null,
        "brand": "Visa",
        "country": "US",
        "customer": null,
        "cvc_check": null,
        "dynamic_last4": null,
        "exp_month": 1,
        "exp_year": 2021,
        "fingerprint": "Xt5EWLLDS7FJjR1c",
        "funding": "credit",
        "last4": "4242",
        "metadata": {
        },
        "name": null,
        "tokenization_method": null
      },
      "source_transfer": null,
      "statement_descriptor": null,
      "statement_descriptor_suffix": null,
      "status": "succeeded",
      "transfer_data": null,
      "transfer_group": null
    },
    {
      "id": "ch_1G45FX2eZvKYlo2CtpJh4xXv",
      "object": "charge",
      "amount": 1866,
      "amount_refunded": 0,
      "application": null,
      "application_fee": null,
      "application_fee_amount": null,
      "balance_transaction": "txn_1G45FY2eZvKYlo2C5PXahne8",
      "billing_details": {
        "address": {
          "city": "Pittsburgh",
          "country": "US",
          "line1": "414 Grant St",
          "line2": null,
          "postal_code": "15219",
          "state": "PA"
        },
        "email": null,
        "name": "Harold Hamburger",
        "phone": null
      },
      "captured": true,
      "created": 1579784251,
      "currency": "usd",
      "customer": "cus_GbHpPNDMDtiOMy",
      "description": "User: 38. Events: 38. Total Tickets: 1",
      "destination": null,
      "dispute": null,
      "disputed": false,
      "failure_code": null,
      "failure_message": null,
      "fraud_details": {
      },
      "invoice": null,
      "livemode": false,
      "metadata": {
        "sale_id": "38:15797842509691",
        "user_id": "38",
        "seller_id": "43",
        "events": "PHPUNIT Demo",
        "event_ids": "38",
        "tickets": "1",
        "donation": "0"
      },
      "on_behalf_of": null,
      "order": null,
      "outcome": {
        "network_status": "approved_by_network",
        "reason": null,
        "risk_level": "normal",
        "risk_score": 8,
        "seller_message": "Payment complete.",
        "type": "authorized"
      },
      "paid": true,
      "payment_intent": null,
      "payment_method": "card_1G45FX2eZvKYlo2CnoW0j6nB",
      "payment_method_details": {
        "card": {
          "brand": "visa",
          "checks": {
            "address_line1_check": "pass",
            "address_postal_code_check": "pass",
            "cvc_check": "pass"
          },
          "country": "US",
          "exp_month": 12,
          "exp_year": 2022,
          "fingerprint": "tiDP36QdYA6X7km8",
          "funding": "unknown",
          "installments": null,
          "last4": "1111",
          "network": "visa",
          "three_d_secure": null,
          "wallet": null
        },
        "type": "card"
      },
      "receipt_email": null,
      "receipt_number": null,
      "receipt_url": "https://pay.stripe.com/receipts/acct_1032D82eZvKYlo2C/ch_1G45FX2eZvKYlo2CtpJh4xXv/rcpt_GbHpF4gHJ3OdQIEDTUIMofUB4xmR2wQ",
      "refunded": false,
      "refunds": {
        "object": "list",
        "data": [

        ],
        "has_more": false,
        "total_count": 0,
        "url": "/v1/charges/ch_1G45FX2eZvKYlo2CtpJh4xXv/refunds"
      },
      "review": null,
      "shipping": null,
      "source": {
        "id": "card_1G45FX2eZvKYlo2CnoW0j6nB",
        "object": "card",
        "address_city": "Pittsburgh",
        "address_country": "US",
        "address_line1": "414 Grant St",
        "address_line1_check": "pass",
        "address_line2": null,
        "address_state": "PA",
        "address_zip": "15219",
        "address_zip_check": "pass",
        "brand": "Visa",
        "country": "US",
        "customer": "cus_GbHpPNDMDtiOMy",
        "cvc_check": "pass",
        "dynamic_last4": null,
        "exp_month": 12,
        "exp_year": 2022,
        "fingerprint": "tiDP36QdYA6X7km8",
        "funding": "unknown",
        "last4": "1111",
        "metadata": {
        },
        "name": "Harold Hamburger",
        "tokenization_method": null
      },
      "source_transfer": null,
      "statement_descriptor": "PHPUNIT Demo",
      "statement_descriptor_suffix": null,
      "status": "succeeded",
      "transfer_data": null,
      "transfer_group": null
    },
    {
      "id": "ch_1G45FX2eZvKYlo2ClcIj2Tl7",
      "object": "charge",
      "amount": 805,
      "amount_refunded": 0,
      "application": null,
      "application_fee": null,
      "application_fee_amount": null,
      "balance_transaction": "txn_1G45FY2eZvKYlo2C6vpHgdoN",
      "billing_details": {
        "address": {
          "city": null,
          "country": null,
          "line1": null,
          "line2": null,
          "postal_code": null,
          "state": null
        },
        "email": null,
        "name": null,
        "phone": null
      },
      "captured": true,
      "created": 1579784251,
      "currency": "usd",
      "customer": null,
      "description": "ad83e464b425ecef8c9a5b19d5aa54-receipt.png",
      "destination": null,
      "dispute": null,
      "disputed": false,
      "failure_code": null,
      "failure_message": null,
      "fraud_details": {
      },
      "invoice": null,
      "livemode": false,
      "metadata": {
      },
      "on_behalf_of": null,
      "order": null,
      "outcome": {
        "network_status": "approved_by_network",
        "reason": null,
        "risk_level": "normal",
        "risk_score": 58,
        "seller_message": "Payment complete.",
        "type": "authorized"
      },
      "paid": true,
      "payment_intent": null,
      "payment_method": "card_1G45FX2eZvKYlo2CSPI5JVIZ",
      "payment_method_details": {
        "card": {
          "brand": "visa",
          "checks": {
            "address_line1_check": null,
            "address_postal_code_check": null,
            "cvc_check": null
          },
          "country": "US",
          "exp_month": 1,
          "exp_year": 2021,
          "fingerprint": "Xt5EWLLDS7FJjR1c",
          "funding": "credit",
          "installments": null,
          "last4": "4242",
          "network": "visa",
          "three_d_secure": null,
          "wallet": null
        },
        "type": "card"
      },
      "receipt_email": null,
      "receipt_number": null,
      "receipt_url": "https://pay.stripe.com/receipts/acct_1032D82eZvKYlo2C/ch_1G45FX2eZvKYlo2ClcIj2Tl7/rcpt_GbHpzTtThUZ1iLY3OBsS3N82mwI2yGS",
      "refunded": false,
      "refunds": {
        "object": "list",
        "data": [

        ],
        "has_more": false,
        "total_count": 0,
        "url": "/v1/charges/ch_1G45FX2eZvKYlo2ClcIj2Tl7/refunds"
      },
      "review": null,
      "shipping": null,
      "source": {
        "id": "card_1G45FX2eZvKYlo2CSPI5JVIZ",
        "object": "card",
        "address_city": null,
        "address_country": null,
        "address_line1": null,
        "address_line1_check": null,
        "address_line2": null,
        "address_state": null,
        "address_zip": null,
        "address_zip_check": null,
        "brand": "Visa",
        "country": "US",
        "customer": null,
        "cvc_check": null,
        "dynamic_last4": null,
        "exp_month": 1,
        "exp_year": 2021,
        "fingerprint": "Xt5EWLLDS7FJjR1c",
        "funding": "credit",
        "last4": "4242",
        "metadata": {
        },
        "name": null,
        "tokenization_method": null
      },
      "source_transfer": null,
      "statement_descriptor": null,
      "statement_descriptor_suffix": null,
      "status": "succeeded",
      "transfer_data": null,
      "transfer_group": null
    },
    {
      "id": "ch_1G45FX2eZvKYlo2CNtcSE3UN",
      "object": "charge",
      "amount": 721,
      "amount_refunded": 0,
      "application": null,
      "application_fee": null,
      "application_fee_amount": null,
      "balance_transaction": "txn_1G45FY2eZvKYlo2C9rC8ljMo",
      "billing_details": {
        "address": {
          "city": null,
          "country": null,
          "line1": null,
          "line2": null,
          "postal_code": null,
          "state": null
        },
        "email": null,
        "name": null,
        "phone": null
      },
      "captured": true,
      "created": 1579784251,
      "currency": "usd",
      "customer": null,
      "description": "ebb66f52f96eb79e1b3638fd3acc30-receipt.png",
      "destination": null,
      "dispute": null,
      "disputed": false,
      "failure_code": null,
      "failure_message": null,
      "fraud_details": {
      },
      "invoice": null,
      "livemode": false,
      "metadata": {
      },
      "on_behalf_of": null,
      "order": null,
      "outcome": {
        "network_status": "approved_by_network",
        "reason": null,
        "risk_level": "normal",
        "risk_score": 44,
        "seller_message": "Payment complete.",
        "type": "authorized"
      },
      "paid": true,
      "payment_intent": null,
      "payment_method": "card_1G45FX2eZvKYlo2Cl4g5Xt4P",
      "payment_method_details": {
        "card": {
          "brand": "visa",
          "checks": {
            "address_line1_check": null,
            "address_postal_code_check": null,
            "cvc_check": null
          },
          "country": "US",
          "exp_month": 1,
          "exp_year": 2021,
          "fingerprint": "Xt5EWLLDS7FJjR1c",
          "funding": "credit",
          "installments": null,
          "last4": "4242",
          "network": "visa",
          "three_d_secure": null,
          "wallet": null
        },
        "type": "card"
      },
      "receipt_email": null,
      "receipt_number": null,
      "receipt_url": "https://pay.stripe.com/receipts/acct_1032D82eZvKYlo2C/ch_1G45FX2eZvKYlo2CNtcSE3UN/rcpt_GbHpm0diSxlVgSavkgexXHmljfXTOGZ",
      "refunded": false,
      "refunds": {
        "object": "list",
        "data": [

        ],
        "has_more": false,
        "total_count": 0,
        "url": "/v1/charges/ch_1G45FX2eZvKYlo2CNtcSE3UN/refunds"
      },
      "review": null,
      "shipping": null,
      "source": {
        "id": "card_1G45FX2eZvKYlo2Cl4g5Xt4P",
        "object": "card",
        "address_city": null,
        "address_country": null,
        "address_line1": null,
        "address_line1_check": null,
        "address_line2": null,
        "address_state": null,
        "address_zip": null,
        "address_zip_check": null,
        "brand": "Visa",
        "country": "US",
        "customer": null,
        "cvc_check": null,
        "dynamic_last4": null,
        "exp_month": 1,
        "exp_year": 2021,
        "fingerprint": "Xt5EWLLDS7FJjR1c",
        "funding": "credit",
        "last4": "4242",
        "metadata": {
        },
        "name": null,
        "tokenization_method": null
      },
      "source_transfer": null,
      "statement_descriptor": null,
      "statement_descriptor_suffix": null,
      "status": "succeeded",
      "transfer_data": null,
      "transfer_group": null
    }
  ],
  "has_more": true,
  "url": "/v1/charges"
}
